<?xml version="1.0" encoding="UTF-8"?>
<!-- Generated by org.testng.reporters.JUnitReportReporter -->
<testsuite skipped="0" hostname="DESKTOP-SFK9CP8" name="com.qa.hubspot.tests.LoginPageTest" tests="3" failures="0" timestamp="12 Apr 2020 19:53:00 GMT" time="9.069" errors="0">
  <testcase name="verifySignUpLinkTest" time="5.125" classname="com.qa.hubspot.tests.LoginPageTest"/>
  <testcase name="verifyLoginPageTitleTest" time="0.033" classname="com.qa.hubspot.tests.LoginPageTest"/>
  <testcase name="loginTest" time="3.911" classname="com.qa.hubspot.tests.LoginPageTest"/>
</testsuite> <!-- com.qa.hubspot.tests.LoginPageTest -->
