<?xml version="1.0" encoding="UTF-8"?>
<!-- Generated by org.testng.reporters.JUnitReportReporter -->
<testsuite skipped="0" hostname="DESKTOP-SFK9CP8" name="com.qa.hubspot.tests.ContactsPageTest" tests="4" failures="0" timestamp="08 Apr 2020 03:34:41 GMT" time="30.189" errors="0">
  <testcase name="verifyContactsPageTitleTest" time="0.035" classname="com.qa.hubspot.tests.ContactsPageTest"/>
  <testcase name="createNewContactsTest" time="11.805" classname="com.qa.hubspot.tests.ContactsPageTest"/>
  <testcase name="createNewContactsTest" time="9.028" classname="com.qa.hubspot.tests.ContactsPageTest"/>
  <testcase name="createNewContactsTest" time="9.321" classname="com.qa.hubspot.tests.ContactsPageTest"/>
</testsuite> <!-- com.qa.hubspot.tests.ContactsPageTest -->
